<?xml version="1.0" encoding="UTF-8"?>
<!-- Generated by org.testng.reporters.JUnitXMLReporter -->
<testsuite ignored="0" hostname="LAPTOP-C67KOGUS" failures="0" tests="8" name="Test" time="20.895" errors="0" timestamp="2024-03-05T21:38:13 IST">
  <testcase classname="com.qa.testscripts.TC_Home_Page" name="hover" time="5.413"/>
  <testcase classname="com.qa.testscripts.TC_Home_Page" name="verifyHomePageTitle" time="0.192"/>
  <testcase classname="com.qa.testscripts.TC_Home_Page" name="clickGetWordPress" time="2.233"/>
  <testcase classname="com.qa.testscripts.TC_Download_Page" name="Text_mid" time="0.183"/>
  <testcase classname="com.qa.testscripts.TC_Download_Page" name="clickCommunity" time="0.226"/>
  <testcase classname="com.qa.testscripts.TC_Download_Page" name="click_photo_directory" time="3.987"/>
  <testcase classname="com.qa.testscripts.TC_Photo_page" name="enterInsearch" time="1.388"/>
  <testcase classname="com.qa.testscripts.TC_Photo_page" name="verifyImage" time="0.23"/>
</testsuite> <!-- Test -->
